SF:lib/src/features/apod/domain/entities/apod.dart
DA:9,10
DA:18,0
LF:2
LH:1
end_of_record
SF:lib/src/features/apod/domain/usecases/manage_favorites.dart
DA:10,1
DA:12,1
DA:13,2
DA:20,1
DA:22,1
DA:23,2
DA:30,1
DA:32,1
DA:33,2
DA:40,0
DA:42,0
DA:43,0
LF:12
LH:9
end_of_record
SF:lib/src/core/erros/failures.dart
DA:4,18
DA:8,18
DA:10,4
DA:13,4
DA:15,1
DA:16,2
DA:20,2
LF:7
LH:7
end_of_record
SF:lib/src/features/apod/domain/usecases/get_apod_by_date.dart
DA:11,1
DA:13,1
DA:14,2
LF:3
LH:3
end_of_record
SF:lib/src/features/apod/presentation/bloc/apod/apod_state.dart
DA:4,2
DA:6,1
DA:7,1
DA:17,1
DA:19,1
DA:20,2
DA:26,1
DA:28,1
DA:29,2
DA:35,2
DA:37,1
DA:38,2
LF:12
LH:12
end_of_record
SF:lib/src/features/apod/presentation/bloc/apod/apod_bloc.dart
DA:18,1
DA:23,2
DA:24,2
DA:25,2
DA:26,2
DA:27,2
DA:30,1
DA:34,2
DA:35,3
DA:36,1
DA:37,4
DA:38,3
DA:42,1
DA:46,3
DA:47,1
DA:48,4
DA:49,0
DA:53,1
DA:57,3
DA:58,1
DA:59,4
DA:60,0
DA:64,1
DA:68,2
DA:69,2
DA:70,1
DA:71,4
DA:72,3
DA:76,1
DA:77,1
DA:79,1
LF:31
LH:29
end_of_record
SF:lib/src/features/apod/presentation/bloc/apod/apod_event.dart
DA:4,1
DA:6,0
DA:7,0
DA:13,1
DA:15,0
DA:16,0
DA:22,1
DA:24,0
DA:25,0
DA:31,1
DA:33,0
DA:34,0
DA:42,0
DA:44,0
DA:45,0
LF:15
LH:4
end_of_record
SF:lib/src/features/apod/data/datasources/local/apod_local_data_source.dart
DA:16,1
DA:18,1
DA:20,1
DA:21,1
DA:23,1
DA:24,1
DA:25,5
DA:26,1
DA:30,1
DA:32,1
DA:34,1
DA:35,5
DA:37,5
DA:38,1
DA:41,1
DA:43,1
DA:45,1
DA:47,1
DA:48,2
DA:49,1
DA:50,1
DA:51,1
DA:53,1
DA:56,1
DA:58,1
DA:59,1
DA:60,1
LF:27
LH:27
end_of_record
SF:lib/src/features/apod/data/datasources/remote/apod_remote_data_source.dart
DA:15,1
DA:17,1
DA:20,2
DA:22,1
DA:24,3
DA:28,2
DA:29,2
DA:33,1
DA:34,1
DA:35,3
DA:39,4
LF:11
LH:11
end_of_record
SF:lib/src/features/apod/data/models/apod_model.dart
DA:4,4
DA:13,3
DA:14,3
DA:15,3
DA:16,6
DA:17,3
DA:18,3
DA:19,3
DA:20,3
DA:24,2
DA:25,2
DA:26,2
DA:27,4
DA:28,2
DA:29,2
DA:30,2
DA:31,2
DA:35,2
DA:36,2
DA:37,2
DA:38,2
DA:39,2
DA:40,2
DA:41,2
DA:42,2
DA:46,2
DA:54,2
DA:55,2
DA:56,2
DA:57,2
DA:58,2
DA:59,2
DA:60,0
DA:64,2
DA:67,2
DA:68,6
DA:69,6
DA:70,6
DA:71,6
DA:72,6
DA:73,6
DA:76,1
DA:78,3
DA:79,3
DA:80,3
DA:81,3
DA:82,3
DA:83,2
DA:86,0
DA:88,0
LF:50
LH:47
end_of_record
SF:lib/src/features/apod/data/repositories/apod_repository_impl.dart
DA:14,1
DA:19,1
DA:22,2
DA:23,2
DA:24,2
DA:25,1
DA:30,1
DA:33,2
DA:34,1
DA:36,0
DA:40,1
DA:43,1
DA:44,2
DA:47,0
DA:51,1
DA:54,1
DA:55,2
DA:58,0
DA:62,1
DA:65,1
DA:66,2
DA:67,1
DA:69,0
LF:23
LH:19
end_of_record
SF:lib/src/features/apod/presentation/widgets/loading_indicator.dart
DA:4,3
DA:6,1
LF:2
LH:2
end_of_record
SF:lib/src/features/apod/presentation/widgets/apod_media.dart
DA:10,3
DA:12,3
DA:14,9
DA:15,3
DA:18,3
DA:19,6
DA:21,3
DA:24,0
DA:29,3
DA:30,0
DA:31,0
LF:11
LH:8
end_of_record
SF:lib/src/features/apod/presentation/widgets/apod_item.dart
DA:12,1
DA:14,1
DA:16,1
DA:18,1
DA:19,1
DA:21,1
DA:22,1
DA:23,1
DA:24,1
DA:25,1
DA:26,2
DA:27,3
DA:31,1
DA:32,1
DA:33,2
DA:34,2
DA:36,0
DA:37,0
DA:39,0
DA:40,0
DA:43,0
DA:44,0
DA:51,1
DA:52,3
DA:53,3
DA:56,2
DA:58,1
DA:59,2
DA:60,3
LF:29
LH:23
end_of_record
SF:lib/src/core/utils/date_formatter.dart
DA:4,3
DA:5,3
DA:6,3
DA:9,1
DA:10,1
DA:11,1
LF:6
LH:6
end_of_record
SF:lib/src/features/apod/presentation/widgets/video_player_widget.dart
DA:7,0
DA:9,0
DA:10,0
DA:16,0
DA:18,0
DA:20,0
DA:21,0
DA:30,0
DA:32,0
DA:33,0
DA:34,0
DA:35,0
DA:36,0
DA:43,0
DA:45,0
DA:46,0
LF:16
LH:0
end_of_record
SF:lib/src/features/apod/presentation/apod_module.dart
DA:16,0
DA:17,0
DA:18,0
DA:19,0
DA:21,0
DA:22,0
DA:24,0
DA:25,0
DA:26,0
DA:27,0
DA:30,0
DA:31,0
DA:32,0
DA:33,0
DA:34,0
DA:35,0
DA:36,0
DA:37,0
DA:38,0
DA:39,0
DA:43,0
DA:46,0
DA:47,0
DA:48,0
DA:49,0
LF:25
LH:0
end_of_record
SF:lib/src/features/apod/presentation/favorites_route.dart
DA:6,2
DA:8,0
DA:9,0
DA:11,0
DA:12,0
LF:5
LH:1
end_of_record
SF:lib/src/features/apod/presentation/home_route.dart
DA:6,2
DA:8,0
DA:9,0
DA:11,0
DA:12,0
LF:5
LH:1
end_of_record
SF:lib/src/features/apod/presentation/dialogs/detail_apod_dialog.dart
DA:9,1
DA:11,1
DA:13,1
DA:14,3
DA:15,1
DA:16,1
DA:18,1
DA:19,2
DA:21,1
DA:22,3
DA:23,3
DA:26,1
DA:27,2
DA:28,3
DA:33,1
DA:34,1
DA:35,2
LF:17
LH:17
end_of_record
SF:lib/src/features/apod/presentation/favorites_page.dart
DA:9,2
DA:11,0
DA:13,0
DA:14,0
DA:15,0
DA:19,0
DA:20,0
DA:21,0
DA:22,0
DA:23,0
DA:24,0
DA:25,0
DA:27,0
DA:28,0
DA:29,0
DA:30,0
DA:31,0
DA:32,0
DA:33,0
DA:34,0
DA:38,0
DA:40,0
DA:41,0
DA:42,0
DA:46,0
DA:47,0
DA:49,0
DA:54,0
DA:59,0
DA:60,0
LF:30
LH:1
end_of_record
SF:lib/src/features/apod/presentation/home_page.dart
DA:9,2
DA:11,0
DA:13,0
DA:14,0
DA:16,0
DA:17,0
DA:19,0
DA:20,0
DA:25,0
DA:26,0
DA:27,0
DA:29,0
DA:30,0
DA:31,0
DA:32,0
DA:39,0
DA:40,0
DA:41,0
DA:43,0
DA:45,0
DA:46,0
DA:47,0
DA:51,0
LF:23
LH:1
end_of_record
